<?xml version="1.0" encoding="UTF-8"?>
<testsuite name="CancelBookingST" tests="6" skipped="0" failures="0" errors="0" timestamp="2022-04-09T14:28:02" hostname="liangsiyudeMBP" time="2.081">
  <properties/>
  <testcase name="testSuccessCase, booking was made" classname="CancelBookingST" time="0.387"/>
  <testcase name="testReturnError1, Error: this action is only available to consumer" classname="CancelBookingST" time="0.673"/>
  <testcase name="testReturnError2, Error: consumer is not logged in" classname="CancelBookingST" time="0.006"/>
  <testcase name="testReturnError3, Error: the logged-in user is the booking owner" classname="CancelBookingST" time="0.341"/>
  <testcase name="testReturnError4, Error: the booking is no longer active" classname="CancelBookingST" time="0.334"/>
  <testcase name="testReturnError5, Error: the booking cannot be cancelled within 24 hours of the performance" classname="CancelBookingST" time="0.336"/>
  <system-out><![CDATA[testSuccessCase, booking was made
Booking number: 3
Booking list: {1=[1, 1], 2=[1, 1], 3=[1, 1]}
testReturnError3, Error: the logged-in user is the booking owner
testReturnError4, Error: the booking is no longer active
Booking number: 1
Booking list: {1=[1, 1], 2=[1, 1]}
testReturnError5, Error: the booking cannot be cancelled within 24 hours of the performance
]]></system-out>
  <system-err><![CDATA[]]></system-err>
</testsuite>
