<?xml version="1.0" encoding="UTF-8"?>
<testsuite name="TestEventState" tests="4" skipped="0" failures="0" errors="0" timestamp="2022-04-09T15:02:53" hostname="liangsiyudeMBP" time="0.822">
  <properties/>
  <testcase name="testAddTicketedEvent()" classname="TestEventState" time="0.441"/>
  <testcase name="testAddNonTicketedEvent()" classname="TestEventState" time="0.36"/>
  <testcase name="testCreateEventPerformance()" classname="TestEventState" time="0.011"/>
  <testcase name="testInitialization()" classname="TestEventState" time="0.006"/>
  <system-out><![CDATA[]]></system-out>
  <system-err><![CDATA[]]></system-err>
</testsuite>
